<?xml version="1.0" encoding="UTF-8"?>
<!-- Generated by org.testng.reporters.JUnitReportReporter -->
<testsuite skipped="0" hostname="ua8916" name="test.NewTest" tests="1" failures="0" timestamp="06 Mar 2018 15:08:02 GMT" time="3.530" errors="0">
  <testcase name="f" time="3.530" classname="test.NewTest"/>
</testsuite> <!-- test.NewTest -->
