<?xml version="1.0" encoding="UTF-8"?>
<!-- Generated by org.testng.reporters.JUnitReportReporter -->
<testsuite skipped="0" hostname="ua8916" name="TestCases.test" tests="2" failures="0" timestamp="18 Mar 2018 10:23:08 GMT" time="8.661" errors="0">
  <testcase name="login" time="4.847" classname="TestCases.test"/>
  <testcase name="login" time="3.814" classname="TestCases.test"/>
</testsuite> <!-- TestCases.test -->
