<?xml version="1.0" encoding="UTF-8"?>
<!-- Generated by org.testng.reporters.JUnitReportReporter -->
<testsuite skipped="0" hostname="ua8916" name="TestCases.LogIn" tests="1" failures="0" timestamp="28 Mar 2018 14:49:14 GMT" time="0.006" errors="0">
  <testcase name="login_as_admin" time="0.006" classname="TestCases.LogIn"/>
</testsuite> <!-- TestCases.LogIn -->
