<?xml version="1.0" encoding="UTF-8"?>
<!-- Generated by org.testng.reporters.JUnitReportReporter -->
<testsuite skipped="0" hostname="ua8916" name="TestCases.BaseTest" tests="1" failures="0" timestamp="02 Apr 2018 08:15:17 GMT" time="6.713" errors="0">
  <testcase name="login_as_admin" time="6.713" classname="TestCases.BaseTest"/>
</testsuite> <!-- TestCases.BaseTest -->
